rm -f *.class
rm -f *.jar
javac -classpath /opt/hadoop-2.9.0/etc/hadoop:/opt/hadoop-2.9.0/share/hadoop/common/lib/*:/opt/hadoop-2.9.0/share/hadoop/common/*:/opt/hadoop-2.9.0/share/hadoop/hdfs:/opt/hadoop-2.9.0/share/hadoop/hdfs/lib/*:/opt/hadoop-2.9.0/share/hadoop/hdfs/*:/opt/hadoop-2.9.0/share/hadoop/yarn:/opt/hadoop-2.9.0/share/hadoop/yarn/lib/*:/opt/hadoop-2.9.0/share/hadoop/yarn/*:/opt/hadoop-2.9.0/share/hadoop/mapreduce/lib/*:/opt/hadoop-2.9.0/share/hadoop/mapreduce/*:/opt/hadoop-2.9.0/contrib/capacity-scheduler/*.jar HadoopSort.java
jar cvf HadoopSort.jar *.class
added manifest
adding: HadoopSort$MapperSorting.class(in = 1614) (out= 617)(deflated 61%)
adding: HadoopSort.class(in = 2735) (out= 1377)(deflated 49%)
javac -classpath /opt/spark-2.3.0-bin-hadoop2.7/jars/spark-core_2.11-2.3.0.jar:/opt/spark-2.3.0-bin-hadoop2.7/jars/spark-sql_2.11-2.3.0.jar:/opt/spark-2.3.0-bin-hadoop2.7/jars/scala-compiler-2.11.8.jar:/opt/spark-2.3.0-bin-hadoop2.7/jars/scala-library-2.11.8.jar SparkSort.java
jar cvf SparkSort.jar SparkSort.class
added manifest
adding: SparkSort.class(in = 1437) (out= 745)(deflated 48%)
18/05/02 01:58:05 INFO client.RMProxy: Connecting to ResourceManager at hadoop-f/192.168.2.30:8032
18/05/02 01:58:05 INFO client.RMProxy: Connecting to ResourceManager at hadoop-f/192.168.2.30:8032
18/05/02 01:58:05 WARN mapreduce.JobResourceUploader: Hadoop command-line option parsing not performed. Implement the Tool interface and execute your application with ToolRunner to remedy this.
18/05/02 01:58:05 INFO mapred.FileInputFormat: Total input files to process : 1
18/05/02 01:58:05 INFO net.NetworkTopology: Adding a new node: /default-rack/192.168.2.12:50010
18/05/02 01:58:05 INFO net.NetworkTopology: Adding a new node: /default-rack/192.168.2.30:50010
18/05/02 01:58:06 INFO mapreduce.JobSubmitter: number of splits:298
18/05/02 01:58:06 INFO Configuration.deprecation: yarn.resourcemanager.system-metrics-publisher.enabled is deprecated. Instead, use yarn.system-metrics-publisher.enabled
18/05/02 01:58:06 INFO mapreduce.JobSubmitter: Submitting tokens for job: job_1524521941871_0558
18/05/02 01:58:06 INFO impl.YarnClientImpl: Submitted application application_1524521941871_0558
18/05/02 01:58:06 INFO mapreduce.Job: The url to track the job: http://hadoop-f:8088/proxy/application_1524521941871_0558/
18/05/02 01:58:06 INFO mapreduce.Job: Running job: job_1524521941871_0558
18/05/02 01:58:14 INFO mapreduce.Job: Job job_1524521941871_0558 running in uber mode : false
18/05/02 01:58:14 INFO mapreduce.Job:  map 0% reduce 0%
18/05/02 01:58:35 INFO mapreduce.Job:  map 1% reduce 0%
18/05/02 01:58:36 INFO mapreduce.Job:  map 2% reduce 0%
18/05/02 01:58:41 INFO mapreduce.Job:  map 5% reduce 0%
18/05/02 01:58:42 INFO mapreduce.Job:  map 7% reduce 0%
18/05/02 01:58:43 INFO mapreduce.Job:  map 8% reduce 0%
18/05/02 01:58:44 INFO mapreduce.Job:  map 10% reduce 0%
18/05/02 01:58:57 INFO mapreduce.Job:  map 12% reduce 0%
18/05/02 01:59:06 INFO mapreduce.Job:  map 14% reduce 0%
18/05/02 01:59:07 INFO mapreduce.Job:  map 15% reduce 0%
18/05/02 01:59:08 INFO mapreduce.Job:  map 16% reduce 0%
18/05/02 01:59:09 INFO mapreduce.Job:  map 17% reduce 0%
18/05/02 01:59:11 INFO mapreduce.Job:  map 18% reduce 0%
18/05/02 01:59:12 INFO mapreduce.Job:  map 19% reduce 0%
18/05/02 01:59:17 INFO mapreduce.Job:  map 20% reduce 0%
18/05/02 01:59:18 INFO mapreduce.Job:  map 21% reduce 0%
18/05/02 01:59:32 INFO mapreduce.Job:  map 22% reduce 0%
18/05/02 01:59:33 INFO mapreduce.Job:  map 24% reduce 0%
18/05/02 01:59:35 INFO mapreduce.Job:  map 25% reduce 0%
18/05/02 01:59:36 INFO mapreduce.Job:  map 26% reduce 0%
18/05/02 01:59:38 INFO mapreduce.Job:  map 28% reduce 0%
18/05/02 01:59:39 INFO mapreduce.Job:  map 29% reduce 0%
18/05/02 01:59:40 INFO mapreduce.Job:  map 30% reduce 0%
18/05/02 01:59:57 INFO mapreduce.Job:  map 31% reduce 0%
18/05/02 01:59:58 INFO mapreduce.Job:  map 34% reduce 0%
18/05/02 01:59:59 INFO mapreduce.Job:  map 35% reduce 0%
18/05/02 02:00:00 INFO mapreduce.Job:  map 36% reduce 0%
18/05/02 02:00:05 INFO mapreduce.Job:  map 37% reduce 2%
18/05/02 02:00:07 INFO mapreduce.Job:  map 38% reduce 2%
18/05/02 02:00:08 INFO mapreduce.Job:  map 39% reduce 2%
18/05/02 02:00:14 INFO mapreduce.Job:  map 39% reduce 3%
18/05/02 02:00:16 INFO mapreduce.Job:  map 40% reduce 3%
18/05/02 02:00:23 INFO mapreduce.Job:  map 43% reduce 3%
18/05/02 02:00:25 INFO mapreduce.Job:  map 44% reduce 3%
18/05/02 02:00:26 INFO mapreduce.Job:  map 45% reduce 3%
18/05/02 02:00:28 INFO mapreduce.Job:  map 45% reduce 4%
18/05/02 02:00:33 INFO mapreduce.Job:  map 46% reduce 4%
18/05/02 02:00:34 INFO mapreduce.Job:  map 47% reduce 4%
18/05/02 02:00:35 INFO mapreduce.Job:  map 48% reduce 4%
18/05/02 02:00:36 INFO mapreduce.Job:  map 49% reduce 4%
18/05/02 02:00:41 INFO mapreduce.Job:  map 49% reduce 5%
18/05/02 02:00:48 INFO mapreduce.Job:  map 51% reduce 5%
18/05/02 02:00:49 INFO mapreduce.Job:  map 52% reduce 5%
18/05/02 02:00:50 INFO mapreduce.Job:  map 53% reduce 5%
18/05/02 02:00:52 INFO mapreduce.Job:  map 54% reduce 5%
18/05/02 02:00:54 INFO mapreduce.Job:  map 55% reduce 5%
18/05/02 02:01:00 INFO mapreduce.Job:  map 56% reduce 5%
18/05/02 02:01:01 INFO mapreduce.Job:  map 57% reduce 5%
18/05/02 02:01:03 INFO mapreduce.Job:  map 58% reduce 6%
18/05/02 02:01:12 INFO mapreduce.Job:  map 60% reduce 6%
18/05/02 02:01:13 INFO mapreduce.Job:  map 61% reduce 6%
18/05/02 02:01:14 INFO mapreduce.Job:  map 62% reduce 6%
18/05/02 02:01:15 INFO mapreduce.Job:  map 63% reduce 6%
18/05/02 02:01:16 INFO mapreduce.Job:  map 64% reduce 6%
18/05/02 02:01:17 INFO mapreduce.Job:  map 64% reduce 7%
18/05/02 02:01:28 INFO mapreduce.Job:  map 65% reduce 7%
18/05/02 02:01:29 INFO mapreduce.Job:  map 66% reduce 7%
18/05/02 02:01:32 INFO mapreduce.Job:  map 67% reduce 7%
18/05/02 02:01:33 INFO mapreduce.Job:  map 68% reduce 7%
18/05/02 02:01:37 INFO mapreduce.Job:  map 69% reduce 7%
18/05/02 02:01:38 INFO mapreduce.Job:  map 70% reduce 7%
18/05/02 02:01:39 INFO mapreduce.Job:  map 71% reduce 7%
18/05/02 02:01:40 INFO mapreduce.Job:  map 71% reduce 8%
18/05/02 02:01:41 INFO mapreduce.Job:  map 72% reduce 8%
18/05/02 02:01:43 INFO mapreduce.Job:  map 73% reduce 8%
18/05/02 02:01:52 INFO mapreduce.Job:  map 74% reduce 8%
18/05/02 02:01:53 INFO mapreduce.Job:  map 75% reduce 8%
18/05/02 02:01:54 INFO mapreduce.Job:  map 76% reduce 8%
18/05/02 02:01:55 INFO mapreduce.Job:  map 77% reduce 8%
18/05/02 02:01:56 INFO mapreduce.Job:  map 78% reduce 8%
18/05/02 02:02:03 INFO mapreduce.Job:  map 78% reduce 9%
18/05/02 02:02:07 INFO mapreduce.Job:  map 80% reduce 9%
18/05/02 02:02:11 INFO mapreduce.Job:  map 82% reduce 9%
18/05/02 02:02:14 INFO mapreduce.Job:  map 83% reduce 9%
18/05/02 02:02:22 INFO mapreduce.Job:  map 85% reduce 9%
18/05/02 02:02:29 INFO mapreduce.Job:  map 85% reduce 10%
18/05/02 02:02:30 INFO mapreduce.Job:  map 86% reduce 10%
18/05/02 02:02:32 INFO mapreduce.Job:  map 87% reduce 10%
18/05/02 02:02:33 INFO mapreduce.Job:  map 89% reduce 10%
18/05/02 02:02:38 INFO mapreduce.Job:  map 90% reduce 10%
18/05/02 02:02:39 INFO mapreduce.Job:  map 90% reduce 11%
18/05/02 02:02:48 INFO mapreduce.Job:  map 91% reduce 11%
18/05/02 02:02:49 INFO mapreduce.Job:  map 92% reduce 11%
18/05/02 02:02:50 INFO mapreduce.Job:  map 93% reduce 11%
18/05/02 02:02:52 INFO mapreduce.Job:  map 94% reduce 11%
18/05/02 02:02:54 INFO mapreduce.Job:  map 95% reduce 11%
18/05/02 02:03:01 INFO mapreduce.Job:  map 96% reduce 11%
18/05/02 02:03:05 INFO mapreduce.Job:  map 97% reduce 12%
18/05/02 02:03:06 INFO mapreduce.Job:  map 97% reduce 13%
18/05/02 02:03:10 INFO mapreduce.Job:  map 98% reduce 13%
18/05/02 02:03:16 INFO mapreduce.Job:  map 100% reduce 13%
18/05/02 02:03:27 INFO mapreduce.Job:  map 100% reduce 14%
18/05/02 02:03:41 INFO mapreduce.Job:  map 100% reduce 15%
18/05/02 02:03:42 INFO mapreduce.Job:  map 100% reduce 16%
18/05/02 02:03:51 INFO mapreduce.Job:  map 100% reduce 17%
18/05/02 02:04:04 INFO mapreduce.Job:  map 100% reduce 18%
18/05/02 02:04:18 INFO mapreduce.Job:  map 100% reduce 19%
18/05/02 02:04:19 INFO mapreduce.Job:  map 100% reduce 20%
18/05/02 02:04:27 INFO mapreduce.Job:  map 100% reduce 21%
18/05/02 02:04:40 INFO mapreduce.Job:  map 100% reduce 22%
18/05/02 02:04:53 INFO mapreduce.Job:  map 100% reduce 23%
18/05/02 02:04:54 INFO mapreduce.Job:  map 100% reduce 24%
18/05/02 02:05:03 INFO mapreduce.Job:  map 100% reduce 25%
18/05/02 02:05:16 INFO mapreduce.Job:  map 100% reduce 26%
18/05/02 02:05:29 INFO mapreduce.Job:  map 100% reduce 27%
18/05/02 02:05:30 INFO mapreduce.Job:  map 100% reduce 28%
18/05/02 02:05:52 INFO mapreduce.Job:  map 100% reduce 29%
18/05/02 02:06:05 INFO mapreduce.Job:  map 100% reduce 30%
18/05/02 02:06:06 INFO mapreduce.Job:  map 100% reduce 31%
18/05/02 02:06:28 INFO mapreduce.Job:  map 100% reduce 32%
18/05/02 02:06:42 INFO mapreduce.Job:  map 100% reduce 33%
18/05/02 02:06:51 INFO mapreduce.Job:  map 100% reduce 35%
18/05/02 02:07:27 INFO mapreduce.Job:  map 100% reduce 44%
18/05/02 02:07:40 INFO mapreduce.Job:  map 100% reduce 47%
18/05/02 02:07:53 INFO mapreduce.Job:  map 100% reduce 53%
18/05/02 02:07:54 INFO mapreduce.Job:  map 100% reduce 62%
18/05/02 02:08:02 INFO mapreduce.Job:  map 100% reduce 65%
18/05/02 02:08:17 INFO mapreduce.Job:  map 100% reduce 72%
18/05/02 02:08:30 INFO mapreduce.Job:  map 100% reduce 77%
18/05/02 02:08:31 INFO mapreduce.Job:  map 100% reduce 81%
18/05/02 02:08:33 INFO mapreduce.Job:  map 100% reduce 83%
18/05/02 02:08:53 INFO mapreduce.Job:  map 100% reduce 86%
18/05/02 02:09:05 INFO mapreduce.Job:  map 100% reduce 89%
18/05/02 02:09:07 INFO mapreduce.Job:  map 100% reduce 93%
18/05/02 02:09:21 INFO mapreduce.Job:  map 100% reduce 94%
18/05/02 02:09:29 INFO mapreduce.Job:  map 100% reduce 97%
18/05/02 02:09:39 INFO mapreduce.Job:  map 100% reduce 100%
18/05/02 02:09:42 INFO mapreduce.Job: Job job_1524521941871_0558 completed successfully
18/05/02 02:09:42 INFO mapreduce.Job: Counters: 51
	File System Counters
		FILE: Number of bytes read=10746738544
		FILE: Number of bytes written=16360863005
		FILE: Number of read operations=0
		FILE: Number of large read operations=0
		FILE: Number of write operations=0
		HDFS: Number of bytes read=20001246610
		HDFS: Number of bytes written=20000000000
		HDFS: Number of read operations=906
		HDFS: Number of large read operations=0
		HDFS: Number of write operations=8
	Job Counters 
		Killed map tasks=2
		Launched map tasks=300
		Launched reduce tasks=4
		Data-local map tasks=277
		Rack-local map tasks=23
		Total time spent by all maps in occupied slots (ms)=6758483
		Total time spent by all reduces in occupied slots (ms)=2500024
		Total time spent by all map tasks (ms)=6758483
		Total time spent by all reduce tasks (ms)=2500024
		Total vcore-milliseconds taken by all map tasks=6758483
		Total vcore-milliseconds taken by all reduce tasks=2500024
		Total megabyte-milliseconds taken by all map tasks=6920686592
		Total megabyte-milliseconds taken by all reduce tasks=2560024576
	Map-Reduce Framework
		Map input records=200000000
		Map output records=200000000
		Map output bytes=20000000000
		Map output materialized bytes=5553125617
		Input split bytes=30098
		Combine input records=0
		Combine output records=0
		Reduce input groups=200000000
		Reduce shuffle bytes=5553125617
		Reduce input records=200000000
		Reduce output records=200000000
		Spilled Records=577160305
		Shuffled Maps =1192
		Failed Shuffles=0
		Merged Map outputs=1192
		GC time elapsed (ms)=132614
		CPU time spent (ms)=5222550
		Physical memory (bytes) snapshot=88284921856
		Virtual memory (bytes) snapshot=594716467200
		Total committed heap usage (bytes)=61082697728
	Shuffle Errors
		BAD_ID=0
		CONNECTION=0
		IO_ERROR=0
		WRONG_LENGTH=0
		WRONG_MAP=0
		WRONG_REDUCE=0
	File Input Format Counters 
		Bytes Read=20001216512
	File Output Format Counters 
		Bytes Written=20000000000
Time taken by Hadoop: 698718
18/05/02 02:09:45 INFO client.RMProxy: Connecting to ResourceManager at hadoop-f/192.168.2.30:8032
18/05/02 02:09:46 INFO input.FileInputFormat: Total input files to process : 4
Spent 71ms computing base-splits.
Spent 9ms computing TeraScheduler splits.
18/05/02 02:09:46 INFO mapreduce.JobSubmitter: number of splits:4
18/05/02 02:09:46 INFO Configuration.deprecation: yarn.resourcemanager.system-metrics-publisher.enabled is deprecated. Instead, use yarn.system-metrics-publisher.enabled
18/05/02 02:09:47 INFO mapreduce.JobSubmitter: Submitting tokens for job: job_1524521941871_0559
18/05/02 02:09:47 INFO impl.YarnClientImpl: Submitted application application_1524521941871_0559
18/05/02 02:09:47 INFO mapreduce.Job: The url to track the job: http://hadoop-f:8088/proxy/application_1524521941871_0559/
18/05/02 02:09:47 INFO mapreduce.Job: Running job: job_1524521941871_0559
18/05/02 02:09:55 INFO mapreduce.Job: Job job_1524521941871_0559 running in uber mode : false
18/05/02 02:09:55 INFO mapreduce.Job:  map 0% reduce 0%
18/05/02 02:10:12 INFO mapreduce.Job:  map 4% reduce 0%
18/05/02 02:10:13 INFO mapreduce.Job:  map 7% reduce 0%
18/05/02 02:10:14 INFO mapreduce.Job:  map 15% reduce 0%
18/05/02 02:10:18 INFO mapreduce.Job:  map 19% reduce 0%
18/05/02 02:10:20 INFO mapreduce.Job:  map 23% reduce 0%
18/05/02 02:10:24 INFO mapreduce.Job:  map 27% reduce 0%
18/05/02 02:10:26 INFO mapreduce.Job:  map 31% reduce 0%
18/05/02 02:10:30 INFO mapreduce.Job:  map 35% reduce 0%
18/05/02 02:10:32 INFO mapreduce.Job:  map 39% reduce 0%
18/05/02 02:10:36 INFO mapreduce.Job:  map 43% reduce 0%
18/05/02 02:10:38 INFO mapreduce.Job:  map 47% reduce 0%
18/05/02 02:10:42 INFO mapreduce.Job:  map 51% reduce 0%
18/05/02 02:10:44 INFO mapreduce.Job:  map 55% reduce 0%
18/05/02 02:10:48 INFO mapreduce.Job:  map 59% reduce 0%
18/05/02 02:10:49 INFO mapreduce.Job:  map 72% reduce 0%
18/05/02 02:10:50 INFO mapreduce.Job:  map 81% reduce 0%
18/05/02 02:10:52 INFO mapreduce.Job:  map 90% reduce 0%
18/05/02 02:10:55 INFO mapreduce.Job:  map 100% reduce 0%
18/05/02 02:10:56 INFO mapreduce.Job:  map 100% reduce 100%
18/05/02 02:10:57 INFO mapreduce.Job: Job job_1524521941871_0559 completed successfully
18/05/02 02:10:58 INFO mapreduce.Job: Counters: 50
	File System Counters
		FILE: Number of bytes read=346
		FILE: Number of bytes written=1009785
		FILE: Number of read operations=0
		FILE: Number of large read operations=0
		FILE: Number of write operations=0
		HDFS: Number of bytes read=20000000520
		HDFS: Number of bytes written=451
		HDFS: Number of read operations=15
		HDFS: Number of large read operations=0
		HDFS: Number of write operations=2
	Job Counters 
		Launched map tasks=4
		Launched reduce tasks=1
		Data-local map tasks=3
		Rack-local map tasks=1
		Total time spent by all maps in occupied slots (ms)=220201
		Total time spent by all reduces in occupied slots (ms)=5375
		Total time spent by all map tasks (ms)=220201
		Total time spent by all reduce tasks (ms)=5375
		Total vcore-milliseconds taken by all map tasks=220201
		Total vcore-milliseconds taken by all reduce tasks=5375
		Total megabyte-milliseconds taken by all map tasks=225485824
		Total megabyte-milliseconds taken by all reduce tasks=5504000
	Map-Reduce Framework
		Map input records=200000000
		Map output records=12
		Map output bytes=316
		Map output materialized bytes=364
		Input split bytes=520
		Combine input records=0
		Combine output records=0
		Reduce input groups=9
		Reduce shuffle bytes=364
		Reduce input records=12
		Reduce output records=4
		Spilled Records=24
		Shuffled Maps =4
		Failed Shuffles=0
		Merged Map outputs=4
		GC time elapsed (ms)=3227
		CPU time spent (ms)=202600
		Physical memory (bytes) snapshot=1392766976
		Virtual memory (bytes) snapshot=9868091392
		Total committed heap usage (bytes)=953155584
	Shuffle Errors
		BAD_ID=0
		CONNECTION=0
		IO_ERROR=0
		WRONG_LENGTH=0
		WRONG_MAP=0
		WRONG_REDUCE=0
	File Input Format Counters 
		Bytes Read=20000000000
	File Output Format Counters 
		Bytes Written=451
